
> mi-app-juridica@0.1.0 dev
> next dev --port 3002

   ▲ Next.js 15.3.3
   - Local:        http://localhost:3002
   - Network:      http://10.255.255.254:3002
   - Environments: .env.local

 ✓ Starting...
 ✓ Ready in 43.6s
 ○ Compiling / ...


Retrying 1/3...


Retrying 1/3...


Retrying 2/3...


Retrying 2/3...


Retrying 3/3...


Retrying 3/3...
Request timed out after 3000ms

Retrying 1/3...
Request timed out after 3000ms

Retrying 1/3...
[Error: Cannot apply unknown utility class `bg-black/20`. Are you using CSS modules or similar and missing `@reference`? https://tailwindcss.com/docs/functions-and-directives#reference-directive]
 ✓ Compiled / in 24.1s (817 modules)
 HEAD / 200 in 27869ms
 ○ Compiling /api/auth/[auth0] ...
 ✓ Compiled /api/auth/[auth0] in 2.6s (1073 modules)
[Error: Route "/api/auth/[auth0]" used `params.auth0`. `params` should be awaited before using its properties. Learn more: https://nextjs.org/docs/messages/sync-dynamic-apis]
[Error [CallbackHandlerError]: Callback handler failed. CAUSE: Missing state cookie from login request (check login URL, callback URL and cookie config).] {
  code: 'ERR_CALLBACK_HANDLER_FAILURE',
  status: 400,
  [cause]: [Error: Missing state cookie from login request (check login URL, callback URL and cookie config).] {
    status: 400,
    statusCode: 400
  }
}
 GET /api/auth/callback?code=5CzHywITKoPloeQks6UKRdTJYqUlzjC9b-DMKYM43UtOB&state=eyJyZXR1cm5UbyI6Imh0dHA6Ly9sb2NhbGhvc3Q6MzAwMi9jYWxjdWxhZG9yYXMvYW1wYXJvLWluZGlyZWN0byJ9 400 in 20599ms
[Error: Route "/api/auth/[auth0]" used `params.auth0`. `params` should be awaited before using its properties. Learn more: https://nextjs.org/docs/messages/sync-dynamic-apis]
[Error [CallbackHandlerError]: Callback handler failed. CAUSE: Missing state cookie from login request (check login URL, callback URL and cookie config).] {
  code: 'ERR_CALLBACK_HANDLER_FAILURE',
  status: 400,
  [cause]: [Error: Missing state cookie from login request (check login URL, callback URL and cookie config).] {
    status: 400,
    statusCode: 400
  }
}
 GET /api/auth/callback?code=5CzHywITKoPloeQks6UKRdTJYqUlzjC9b-DMKYM43UtOB&state=eyJyZXR1cm5UbyI6Imh0dHA6Ly9sb2NhbGhvc3Q6MzAwMi9jYWxjdWxhZG9yYXMvYW1wYXJvLWluZGlyZWN0byJ9 400 in 374ms
[Error: Route "/api/auth/[auth0]" used `params.auth0`. `params` should be awaited before using its properties. Learn more: https://nextjs.org/docs/messages/sync-dynamic-apis]
[Error [CallbackHandlerError]: Callback handler failed. CAUSE: Missing state cookie from login request (check login URL, callback URL and cookie config).] {
  code: 'ERR_CALLBACK_HANDLER_FAILURE',
  status: 400,
  [cause]: [Error: Missing state cookie from login request (check login URL, callback URL and cookie config).] {
    status: 400,
    statusCode: 400
  }
}
 GET /api/auth/callback?code=5CzHywITKoPloeQks6UKRdTJYqUlzjC9b-DMKYM43UtOB&state=eyJyZXR1cm5UbyI6Imh0dHA6Ly9sb2NhbGhvc3Q6MzAwMi9jYWxjdWxhZG9yYXMvYW1wYXJvLWluZGlyZWN0byJ9 400 in 352ms
[?25h
